{"C:\\Users\\HP\\Desktop\\Project\\My Work\\HNG14 Habit Tracker PWA\\src\\lib\\dates.ts": {"path":"C:\\Users\\HP\\Desktop\\Project\\My Work\\HNG14 Habit Tracker PWA\\src\\lib\\dates.ts","all":false,"statementMap":{"0":{"start":{"line":1,"column":0},"end":{"line":1,"column":63}},"1":{"start":{"line":2,"column":0},"end":{"line":2,"column":34}},"2":{"start":{"line":3,"column":0},"end":{"line":3,"column":61}},"3":{"start":{"line":4,"column":0},"end":{"line":4,"column":54}},"5":{"start":{"line":6,"column":0},"end":{"line":6,"column":35}},"6":{"start":{"line":7,"column":0},"end":{"line":7,"column":1}}},"s":{"0":1,"1":30,"2":30,"3":30,"5":30,"6":30},"branchMap":{"0":{"type":"branch","line":1,"loc":{"start":{"line":1,"column":7},"end":{"line":7,"column":1}},"locations":[{"start":{"line":1,"column":7},"end":{"line":7,"column":1}}]}},"b":{"0":[30]},"fnMap":{"0":{"name":"getTodayDateString","decl":{"start":{"line":1,"column":7},"end":{"line":7,"column":1}},"loc":{"start":{"line":1,"column":7},"end":{"line":7,"column":1}},"line":1}},"f":{"0":30}}
,"C:\\Users\\HP\\Desktop\\Project\\My Work\\HNG14 Habit Tracker PWA\\src\\lib\\habits.ts": {"path":"C:\\Users\\HP\\Desktop\\Project\\My Work\\HNG14 Habit Tracker PWA\\src\\lib\\habits.ts","all":false,"statementMap":{"2":{"start":{"line":3,"column":0},"end":{"line":3,"column":74}},"3":{"start":{"line":4,"column":0},"end":{"line":4,"column":49}},"5":{"start":{"line":6,"column":0},"end":{"line":6,"column":30}},"6":{"start":{"line":7,"column":0},"end":{"line":7,"column":29}},"7":{"start":{"line":8,"column":0},"end":{"line":8,"column":10}},"8":{"start":{"line":9,"column":0},"end":{"line":9,"column":26}},"9":{"start":{"line":10,"column":0},"end":{"line":10,"column":3}},"11":{"start":{"line":12,"column":0},"end":{"line":12,"column":10}},"12":{"start":{"line":13,"column":0},"end":{"line":13,"column":13}},"13":{"start":{"line":14,"column":0},"end":{"line":14,"column":48}},"14":{"start":{"line":15,"column":0},"end":{"line":15,"column":4}},"15":{"start":{"line":16,"column":0},"end":{"line":16,"column":1}}},"s":{"2":1,"3":5,"5":5,"6":1,"7":5,"8":4,"9":4,"11":5,"12":5,"13":5,"14":5,"15":5},"branchMap":{"0":{"type":"branch","line":3,"loc":{"start":{"line":3,"column":7},"end":{"line":16,"column":1}},"locations":[{"start":{"line":3,"column":7},"end":{"line":16,"column":1}}]},"1":{"type":"branch","line":6,"loc":{"start":{"line":6,"column":29},"end":{"line":8,"column":9}},"locations":[{"start":{"line":6,"column":29},"end":{"line":8,"column":9}}]},"2":{"type":"branch","line":8,"loc":{"start":{"line":8,"column":2},"end":{"line":10,"column":3}},"locations":[{"start":{"line":8,"column":2},"end":{"line":10,"column":3}}]}},"b":{"0":[5],"1":[1],"2":[4]},"fnMap":{"0":{"name":"toggleHabitCompletion","decl":{"start":{"line":3,"column":7},"end":{"line":16,"column":1}},"loc":{"start":{"line":3,"column":7},"end":{"line":16,"column":1}},"line":3}},"f":{"0":5}}
,"C:\\Users\\HP\\Desktop\\Project\\My Work\\HNG14 Habit Tracker PWA\\src\\lib\\profile.ts": {"path":"C:\\Users\\HP\\Desktop\\Project\\My Work\\HNG14 Habit Tracker PWA\\src\\lib\\profile.ts","all":false,"statementMap":{"2":{"start":{"line":3,"column":0},"end":{"line":3,"column":43}},"3":{"start":{"line":4,"column":0},"end":{"line":4,"column":14}},"4":{"start":{"line":5,"column":0},"end":{"line":5,"column":11}},"5":{"start":{"line":6,"column":0},"end":{"line":6,"column":17}},"6":{"start":{"line":7,"column":0},"end":{"line":7,"column":20}},"7":{"start":{"line":8,"column":0},"end":{"line":8,"column":78}},"8":{"start":{"line":9,"column":0},"end":{"line":9,"column":15}},"9":{"start":{"line":10,"column":0},"end":{"line":10,"column":1}},"11":{"start":{"line":12,"column":0},"end":{"line":12,"column":75}},"12":{"start":{"line":13,"column":0},"end":{"line":13,"column":14}},"13":{"start":{"line":14,"column":0},"end":{"line":14,"column":20}},"14":{"start":{"line":15,"column":0},"end":{"line":15,"column":3}},"16":{"start":{"line":17,"column":0},"end":{"line":17,"column":51}},"17":{"start":{"line":18,"column":0},"end":{"line":18,"column":58}},"18":{"start":{"line":19,"column":0},"end":{"line":19,"column":60}},"19":{"start":{"line":20,"column":0},"end":{"line":20,"column":66}},"21":{"start":{"line":22,"column":0},"end":{"line":22,"column":98}},"22":{"start":{"line":23,"column":0},"end":{"line":23,"column":1}},"24":{"start":{"line":25,"column":0},"end":{"line":25,"column":72}},"25":{"start":{"line":26,"column":0},"end":{"line":26,"column":47}},"26":{"start":{"line":27,"column":0},"end":{"line":27,"column":74}},"28":{"start":{"line":29,"column":0},"end":{"line":29,"column":14}},"29":{"start":{"line":30,"column":0},"end":{"line":30,"column":16}},"30":{"start":{"line":31,"column":0},"end":{"line":31,"column":48}},"31":{"start":{"line":32,"column":0},"end":{"line":32,"column":14}},"32":{"start":{"line":33,"column":0},"end":{"line":33,"column":1}}},"s":{"2":72,"3":72,"4":72,"5":72,"6":72,"7":72,"8":72,"9":72,"11":1,"12":50,"13":14,"14":14,"16":50,"17":50,"18":50,"19":50,"21":50,"22":50,"24":1,"25":25,"26":25,"28":25,"29":25,"30":25,"31":25,"32":25},"branchMap":{"0":{"type":"branch","line":3,"loc":{"start":{"line":3,"column":0},"end":{"line":10,"column":1}},"locations":[{"start":{"line":3,"column":0},"end":{"line":10,"column":1}}]},"1":{"type":"branch","line":8,"loc":{"start":{"line":8,"column":9},"end":{"line":8,"column":77}},"locations":[{"start":{"line":8,"column":9},"end":{"line":8,"column":77}}]},"2":{"type":"branch","line":12,"loc":{"start":{"line":12,"column":7},"end":{"line":23,"column":1}},"locations":[{"start":{"line":12,"column":7},"end":{"line":23,"column":1}}]},"3":{"type":"branch","line":13,"loc":{"start":{"line":13,"column":13},"end":{"line":15,"column":3}},"locations":[{"start":{"line":13,"column":13},"end":{"line":15,"column":3}}]},"4":{"type":"branch","line":15,"loc":{"start":{"line":15,"column":2},"end":{"line":17,"column":48}},"locations":[{"start":{"line":15,"column":2},"end":{"line":17,"column":48}}]},"5":{"type":"branch","line":17,"loc":{"start":{"line":17,"column":43},"end":{"line":17,"column":51}},"locations":[{"start":{"line":17,"column":43},"end":{"line":17,"column":51}}]},"6":{"type":"branch","line":19,"loc":{"start":{"line":19,"column":45},"end":{"line":19,"column":58}},"locations":[{"start":{"line":19,"column":45},"end":{"line":19,"column":58}}]},"7":{"type":"branch","line":20,"loc":{"start":{"line":20,"column":47},"end":{"line":20,"column":54}},"locations":[{"start":{"line":20,"column":47},"end":{"line":20,"column":54}}]},"8":{"type":"branch","line":22,"loc":{"start":{"line":22,"column":9},"end":{"line":22,"column":80}},"locations":[{"start":{"line":22,"column":9},"end":{"line":22,"column":80}}]},"9":{"type":"branch","line":22,"loc":{"start":{"line":22,"column":74},"end":{"line":22,"column":98}},"locations":[{"start":{"line":22,"column":74},"end":{"line":22,"column":98}}]},"10":{"type":"branch","line":25,"loc":{"start":{"line":25,"column":7},"end":{"line":33,"column":1}},"locations":[{"start":{"line":25,"column":7},"end":{"line":33,"column":1}}]},"11":{"type":"branch","line":31,"loc":{"start":{"line":31,"column":9},"end":{"line":31,"column":47}},"locations":[{"start":{"line":31,"column":9},"end":{"line":31,"column":47}}]}},"b":{"0":[72],"1":[38],"2":[50],"3":[14],"4":[36],"5":[0],"6":[0],"7":[34],"8":[2],"9":[34],"10":[25],"11":[26]},"fnMap":{"0":{"name":"titleCase","decl":{"start":{"line":3,"column":0},"end":{"line":10,"column":1}},"loc":{"start":{"line":3,"column":0},"end":{"line":10,"column":1}},"line":3},"1":{"name":"getUserDisplayName","decl":{"start":{"line":12,"column":7},"end":{"line":23,"column":1}},"loc":{"start":{"line":12,"column":7},"end":{"line":23,"column":1}},"line":12},"2":{"name":"getUserInitials","decl":{"start":{"line":25,"column":7},"end":{"line":33,"column":1}},"loc":{"start":{"line":25,"column":7},"end":{"line":33,"column":1}},"line":25}},"f":{"0":72,"1":50,"2":25}}
,"C:\\Users\\HP\\Desktop\\Project\\My Work\\HNG14 Habit Tracker PWA\\src\\lib\\slug.ts": {"path":"C:\\Users\\HP\\Desktop\\Project\\My Work\\HNG14 Habit Tracker PWA\\src\\lib\\slug.ts","all":false,"statementMap":{"0":{"start":{"line":1,"column":0},"end":{"line":1,"column":52}},"1":{"start":{"line":2,"column":0},"end":{"line":2,"column":13}},"2":{"start":{"line":3,"column":0},"end":{"line":3,"column":18}},"3":{"start":{"line":4,"column":0},"end":{"line":4,"column":11}},"4":{"start":{"line":5,"column":0},"end":{"line":5,"column":25}},"5":{"start":{"line":6,"column":0},"end":{"line":6,"column":31}},"6":{"start":{"line":7,"column":0},"end":{"line":7,"column":24}},"7":{"start":{"line":8,"column":0},"end":{"line":8,"column":27}},"8":{"start":{"line":9,"column":0},"end":{"line":9,"column":1}}},"s":{"0":1,"1":13,"2":13,"3":13,"4":13,"5":13,"6":13,"7":13,"8":13},"branchMap":{"0":{"type":"branch","line":1,"loc":{"start":{"line":1,"column":7},"end":{"line":9,"column":1}},"locations":[{"start":{"line":1,"column":7},"end":{"line":9,"column":1}}]}},"b":{"0":[13]},"fnMap":{"0":{"name":"getHabitSlug","decl":{"start":{"line":1,"column":7},"end":{"line":9,"column":1}},"loc":{"start":{"line":1,"column":7},"end":{"line":9,"column":1}},"line":1}},"f":{"0":13}}
,"C:\\Users\\HP\\Desktop\\Project\\My Work\\HNG14 Habit Tracker PWA\\src\\lib\\storage.ts": {"path":"C:\\Users\\HP\\Desktop\\Project\\My Work\\HNG14 Habit Tracker PWA\\src\\lib\\storage.ts","all":false,"statementMap":{"3":{"start":{"line":4,"column":0},"end":{"line":4,"column":29}},"4":{"start":{"line":5,"column":0},"end":{"line":5,"column":31}},"5":{"start":{"line":6,"column":0},"end":{"line":6,"column":35}},"6":{"start":{"line":7,"column":0},"end":{"line":7,"column":33}},"7":{"start":{"line":8,"column":0},"end":{"line":8,"column":11}},"9":{"start":{"line":10,"column":0},"end":{"line":10,"column":35}},"10":{"start":{"line":11,"column":0},"end":{"line":11,"column":71}},"11":{"start":{"line":12,"column":0},"end":{"line":12,"column":1}},"13":{"start":{"line":14,"column":0},"end":{"line":14,"column":51}},"14":{"start":{"line":15,"column":0},"end":{"line":15,"column":25}},"15":{"start":{"line":16,"column":0},"end":{"line":16,"column":20}},"16":{"start":{"line":17,"column":0},"end":{"line":17,"column":3}},"18":{"start":{"line":19,"column":0},"end":{"line":19,"column":7}},"19":{"start":{"line":20,"column":0},"end":{"line":20,"column":51}},"20":{"start":{"line":21,"column":0},"end":{"line":21,"column":55}},"21":{"start":{"line":22,"column":0},"end":{"line":22,"column":11}},"22":{"start":{"line":23,"column":0},"end":{"line":23,"column":20}},"23":{"start":{"line":24,"column":0},"end":{"line":24,"column":3}},"24":{"start":{"line":25,"column":0},"end":{"line":25,"column":1}},"26":{"start":{"line":27,"column":0},"end":{"line":27,"column":52}},"27":{"start":{"line":28,"column":0},"end":{"line":28,"column":25}},"28":{"start":{"line":29,"column":0},"end":{"line":29,"column":11}},"29":{"start":{"line":30,"column":0},"end":{"line":30,"column":3}},"31":{"start":{"line":32,"column":0},"end":{"line":32,"column":58}},"32":{"start":{"line":33,"column":0},"end":{"line":33,"column":1}},"34":{"start":{"line":35,"column":0},"end":{"line":35,"column":69}},"35":{"start":{"line":36,"column":0},"end":{"line":36,"column":78}},"36":{"start":{"line":37,"column":0},"end":{"line":37,"column":1}},"38":{"start":{"line":39,"column":0},"end":{"line":39,"column":52}},"39":{"start":{"line":40,"column":0},"end":{"line":40,"column":35}},"40":{"start":{"line":41,"column":0},"end":{"line":41,"column":1}},"42":{"start":{"line":43,"column":0},"end":{"line":43,"column":49}},"43":{"start":{"line":44,"column":0},"end":{"line":44,"column":30}},"44":{"start":{"line":45,"column":0},"end":{"line":45,"column":14}},"45":{"start":{"line":46,"column":0},"end":{"line":46,"column":3}},"47":{"start":{"line":48,"column":0},"end":{"line":48,"column":53}},"48":{"start":{"line":49,"column":0},"end":{"line":49,"column":1}},"50":{"start":{"line":51,"column":0},"end":{"line":51,"column":52}},"51":{"start":{"line":52,"column":0},"end":{"line":52,"column":25}},"52":{"start":{"line":53,"column":0},"end":{"line":53,"column":16}},"53":{"start":{"line":54,"column":0},"end":{"line":54,"column":3}},"55":{"start":{"line":56,"column":0},"end":{"line":56,"column":51}},"57":{"start":{"line":58,"column":0},"end":{"line":58,"column":89}},"58":{"start":{"line":59,"column":0},"end":{"line":59,"column":16}},"59":{"start":{"line":60,"column":0},"end":{"line":60,"column":3}},"61":{"start":{"line":62,"column":0},"end":{"line":62,"column":10}},"62":{"start":{"line":63,"column":0},"end":{"line":63,"column":7}},"63":{"start":{"line":64,"column":0},"end":{"line":64,"column":10}},"64":{"start":{"line":65,"column":0},"end":{"line":65,"column":13}},"65":{"start":{"line":66,"column":0},"end":{"line":66,"column":14}},"66":{"start":{"line":67,"column":0},"end":{"line":67,"column":4}},"67":{"start":{"line":68,"column":0},"end":{"line":68,"column":1}},"69":{"start":{"line":70,"column":0},"end":{"line":70,"column":54}},"70":{"start":{"line":71,"column":0},"end":{"line":71,"column":25}},"71":{"start":{"line":72,"column":0},"end":{"line":72,"column":16}},"72":{"start":{"line":73,"column":0},"end":{"line":73,"column":3}},"74":{"start":{"line":75,"column":0},"end":{"line":75,"column":48}},"75":{"start":{"line":76,"column":0},"end":{"line":76,"column":75}},"77":{"start":{"line":78,"column":0},"end":{"line":78,"column":86}},"78":{"start":{"line":79,"column":0},"end":{"line":79,"column":16}},"79":{"start":{"line":80,"column":0},"end":{"line":80,"column":3}},"81":{"start":{"line":82,"column":0},"end":{"line":82,"column":10}},"82":{"start":{"line":83,"column":0},"end":{"line":83,"column":7}},"83":{"start":{"line":84,"column":0},"end":{"line":84,"column":11}},"84":{"start":{"line":85,"column":0},"end":{"line":85,"column":9}},"85":{"start":{"line":86,"column":0},"end":{"line":86,"column":16}},"86":{"start":{"line":87,"column":0},"end":{"line":87,"column":23}},"87":{"start":{"line":88,"column":0},"end":{"line":88,"column":14}},"88":{"start":{"line":89,"column":0},"end":{"line":89,"column":49}},"89":{"start":{"line":90,"column":0},"end":{"line":90,"column":4}},"90":{"start":{"line":91,"column":0},"end":{"line":91,"column":1}},"92":{"start":{"line":93,"column":0},"end":{"line":93,"column":84}},"93":{"start":{"line":94,"column":0},"end":{"line":94,"column":30}},"94":{"start":{"line":95,"column":0},"end":{"line":95,"column":14}},"95":{"start":{"line":96,"column":0},"end":{"line":96,"column":3}},"97":{"start":{"line":98,"column":0},"end":{"line":98,"column":45}},"98":{"start":{"line":99,"column":0},"end":{"line":99,"column":32}},"100":{"start":{"line":101,"column":0},"end":{"line":101,"column":17}},"101":{"start":{"line":102,"column":0},"end":{"line":102,"column":25}},"102":{"start":{"line":103,"column":0},"end":{"line":103,"column":5}},"104":{"start":{"line":105,"column":0},"end":{"line":105,"column":17}},"105":{"start":{"line":106,"column":0},"end":{"line":106,"column":9}},"106":{"start":{"line":107,"column":0},"end":{"line":107,"column":1}},"108":{"start":{"line":109,"column":0},"end":{"line":109,"column":50}},"109":{"start":{"line":110,"column":0},"end":{"line":110,"column":64}},"110":{"start":{"line":111,"column":0},"end":{"line":111,"column":46}},"111":{"start":{"line":112,"column":0},"end":{"line":112,"column":3}},"113":{"start":{"line":114,"column":0},"end":{"line":114,"column":74}},"114":{"start":{"line":115,"column":0},"end":{"line":115,"column":1}},"116":{"start":{"line":117,"column":0},"end":{"line":117,"column":36}},"117":{"start":{"line":118,"column":0},"end":{"line":118,"column":86}},"118":{"start":{"line":119,"column":0},"end":{"line":119,"column":39}},"120":{"start":{"line":121,"column":0},"end":{"line":121,"column":15}},"121":{"start":{"line":122,"column":0},"end":{"line":122,"column":1}},"123":{"start":{"line":124,"column":0},"end":{"line":124,"column":48}},"124":{"start":{"line":125,"column":0},"end":{"line":125,"column":67}},"125":{"start":{"line":126,"column":0},"end":{"line":126,"column":1}},"127":{"start":{"line":128,"column":0},"end":{"line":128,"column":46}},"128":{"start":{"line":129,"column":0},"end":{"line":129,"column":62}},"129":{"start":{"line":130,"column":0},"end":{"line":130,"column":1}},"131":{"start":{"line":132,"column":0},"end":{"line":132,"column":53}},"132":{"start":{"line":133,"column":0},"end":{"line":133,"column":43}},"133":{"start":{"line":134,"column":0},"end":{"line":134,"column":1}},"135":{"start":{"line":136,"column":0},"end":{"line":136,"column":38}},"136":{"start":{"line":137,"column":0},"end":{"line":137,"column":25}},"137":{"start":{"line":138,"column":0},"end":{"line":138,"column":11}},"138":{"start":{"line":139,"column":0},"end":{"line":139,"column":3}},"140":{"start":{"line":141,"column":0},"end":{"line":141,"column":55}},"141":{"start":{"line":142,"column":0},"end":{"line":142,"column":1}},"143":{"start":{"line":144,"column":0},"end":{"line":144,"column":38}},"144":{"start":{"line":145,"column":0},"end":{"line":145,"column":89}},"145":{"start":{"line":146,"column":0},"end":{"line":146,"column":41}},"147":{"start":{"line":148,"column":0},"end":{"line":148,"column":16}},"148":{"start":{"line":149,"column":0},"end":{"line":149,"column":1}},"150":{"start":{"line":151,"column":0},"end":{"line":151,"column":51}},"151":{"start":{"line":152,"column":0},"end":{"line":152,"column":70}},"152":{"start":{"line":153,"column":0},"end":{"line":153,"column":1}},"154":{"start":{"line":155,"column":0},"end":{"line":155,"column":51}},"155":{"start":{"line":156,"column":0},"end":{"line":156,"column":31}},"157":{"start":{"line":158,"column":0},"end":{"line":158,"column":17}},"158":{"start":{"line":159,"column":0},"end":{"line":159,"column":16}},"159":{"start":{"line":160,"column":0},"end":{"line":160,"column":3}},"161":{"start":{"line":162,"column":0},"end":{"line":162,"column":31}},"162":{"start":{"line":163,"column":0},"end":{"line":163,"column":88}},"163":{"start":{"line":164,"column":0},"end":{"line":164,"column":4}},"165":{"start":{"line":166,"column":0},"end":{"line":166,"column":31}},"166":{"start":{"line":167,"column":0},"end":{"line":167,"column":1}},"168":{"start":{"line":169,"column":0},"end":{"line":169,"column":58}},"169":{"start":{"line":170,"column":0},"end":{"line":170,"column":63}},"170":{"start":{"line":171,"column":0},"end":{"line":171,"column":1}},"172":{"start":{"line":173,"column":0},"end":{"line":173,"column":59}},"173":{"start":{"line":174,"column":0},"end":{"line":174,"column":64}},"174":{"start":{"line":175,"column":0},"end":{"line":175,"column":1}},"176":{"start":{"line":177,"column":0},"end":{"line":177,"column":81}},"177":{"start":{"line":178,"column":0},"end":{"line":178,"column":82}},"178":{"start":{"line":179,"column":0},"end":{"line":179,"column":54}},"179":{"start":{"line":180,"column":0},"end":{"line":180,"column":1}},"181":{"start":{"line":182,"column":0},"end":{"line":182,"column":53}},"182":{"start":{"line":183,"column":0},"end":{"line":183,"column":89}},"183":{"start":{"line":184,"column":0},"end":{"line":184,"column":1}},"185":{"start":{"line":186,"column":0},"end":{"line":186,"column":57}},"186":{"start":{"line":187,"column":0},"end":{"line":187,"column":61}},"187":{"start":{"line":188,"column":0},"end":{"line":188,"column":69}},"188":{"start":{"line":189,"column":0},"end":{"line":189,"column":17}},"189":{"start":{"line":190,"column":0},"end":{"line":190,"column":1}}},"s":{"3":1,"4":1,"5":1,"6":1,"7":1,"9":99,"10":99,"11":99,"13":45,"14":45,"15":0,"16":0,"18":45,"19":45,"20":45,"21":45,"22":1,"23":1,"24":45,"26":52,"27":52,"28":0,"29":0,"31":52,"32":52,"34":40,"35":40,"36":40,"38":183,"39":183,"40":183,"42":19,"43":19,"44":0,"45":0,"47":19,"48":19,"50":21,"51":21,"52":0,"53":0,"55":21,"57":21,"58":0,"59":0,"61":21,"62":21,"63":21,"64":21,"65":21,"66":21,"67":21,"69":19,"70":19,"71":0,"72":0,"74":19,"75":19,"77":19,"78":0,"79":0,"81":19,"82":19,"83":19,"84":19,"85":19,"86":19,"87":19,"88":19,"89":19,"90":19,"92":47,"93":47,"94":0,"95":0,"97":47,"98":40,"100":40,"101":40,"102":40,"104":40,"105":47,"106":47,"108":1,"109":2,"110":2,"111":2,"113":0,"114":0,"116":1,"117":23,"118":23,"120":23,"121":23,"123":1,"124":3,"125":3,"127":1,"128":8,"129":8,"131":1,"132":5,"133":5,"135":1,"136":2,"137":0,"138":0,"140":2,"141":2,"143":1,"144":14,"145":14,"147":14,"148":14,"150":1,"151":7,"152":7,"154":1,"155":8,"157":8,"158":0,"159":0,"161":8,"162":8,"163":8,"165":8,"166":8,"168":1,"169":7,"170":7,"172":1,"173":7,"174":7,"176":1,"177":5,"178":5,"179":5,"181":1,"182":1,"183":1,"185":1,"186":1,"187":1,"188":1,"189":1},"branchMap":{"0":{"type":"branch","line":10,"loc":{"start":{"line":10,"column":0},"end":{"line":12,"column":1}},"locations":[{"start":{"line":10,"column":0},"end":{"line":12,"column":1}}]},"1":{"type":"branch","line":14,"loc":{"start":{"line":14,"column":0},"end":{"line":25,"column":1}},"locations":[{"start":{"line":14,"column":0},"end":{"line":25,"column":1}}]},"2":{"type":"branch","line":15,"loc":{"start":{"line":15,"column":24},"end":{"line":17,"column":3}},"locations":[{"start":{"line":15,"column":24},"end":{"line":17,"column":3}}]},"3":{"type":"branch","line":21,"loc":{"start":{"line":21,"column":11},"end":{"line":21,"column":46}},"locations":[{"start":{"line":21,"column":11},"end":{"line":21,"column":46}}]},"4":{"type":"branch","line":21,"loc":{"start":{"line":21,"column":36},"end":{"line":21,"column":55}},"locations":[{"start":{"line":21,"column":36},"end":{"line":21,"column":55}}]},"5":{"type":"branch","line":22,"loc":{"start":{"line":22,"column":2},"end":{"line":24,"column":3}},"locations":[{"start":{"line":22,"column":2},"end":{"line":24,"column":3}}]},"6":{"type":"branch","line":27,"loc":{"start":{"line":27,"column":0},"end":{"line":33,"column":1}},"locations":[{"start":{"line":27,"column":0},"end":{"line":33,"column":1}}]},"7":{"type":"branch","line":28,"loc":{"start":{"line":28,"column":24},"end":{"line":30,"column":3}},"locations":[{"start":{"line":28,"column":24},"end":{"line":30,"column":3}}]},"8":{"type":"branch","line":35,"loc":{"start":{"line":35,"column":0},"end":{"line":37,"column":1}},"locations":[{"start":{"line":35,"column":0},"end":{"line":37,"column":1}}]},"9":{"type":"branch","line":39,"loc":{"start":{"line":39,"column":0},"end":{"line":41,"column":1}},"locations":[{"start":{"line":39,"column":0},"end":{"line":41,"column":1}}]},"10":{"type":"branch","line":43,"loc":{"start":{"line":43,"column":0},"end":{"line":49,"column":1}},"locations":[{"start":{"line":43,"column":0},"end":{"line":49,"column":1}}]},"11":{"type":"branch","line":44,"loc":{"start":{"line":44,"column":29},"end":{"line":46,"column":3}},"locations":[{"start":{"line":44,"column":29},"end":{"line":46,"column":3}}]},"12":{"type":"branch","line":51,"loc":{"start":{"line":51,"column":0},"end":{"line":68,"column":1}},"locations":[{"start":{"line":51,"column":0},"end":{"line":68,"column":1}}]},"13":{"type":"branch","line":52,"loc":{"start":{"line":52,"column":24},"end":{"line":54,"column":3}},"locations":[{"start":{"line":52,"column":24},"end":{"line":54,"column":3}}]},"14":{"type":"branch","line":58,"loc":{"start":{"line":58,"column":88},"end":{"line":60,"column":3}},"locations":[{"start":{"line":58,"column":88},"end":{"line":60,"column":3}}]},"15":{"type":"branch","line":70,"loc":{"start":{"line":70,"column":0},"end":{"line":91,"column":1}},"locations":[{"start":{"line":70,"column":0},"end":{"line":91,"column":1}}]},"16":{"type":"branch","line":71,"loc":{"start":{"line":71,"column":24},"end":{"line":73,"column":3}},"locations":[{"start":{"line":71,"column":24},"end":{"line":73,"column":3}}]},"17":{"type":"branch","line":76,"loc":{"start":{"line":76,"column":58},"end":{"line":76,"column":75}},"locations":[{"start":{"line":76,"column":58},"end":{"line":76,"column":75}}]},"18":{"type":"branch","line":78,"loc":{"start":{"line":78,"column":85},"end":{"line":80,"column":3}},"locations":[{"start":{"line":78,"column":85},"end":{"line":80,"column":3}}]},"19":{"type":"branch","line":93,"loc":{"start":{"line":93,"column":0},"end":{"line":107,"column":1}},"locations":[{"start":{"line":93,"column":0},"end":{"line":107,"column":1}}]},"20":{"type":"branch","line":94,"loc":{"start":{"line":94,"column":29},"end":{"line":96,"column":3}},"locations":[{"start":{"line":94,"column":29},"end":{"line":96,"column":3}}]},"21":{"type":"branch","line":98,"loc":{"start":{"line":98,"column":27},"end":{"line":106,"column":5}},"locations":[{"start":{"line":98,"column":27},"end":{"line":106,"column":5}}]},"22":{"type":"branch","line":109,"loc":{"start":{"line":109,"column":7},"end":{"line":115,"column":1}},"locations":[{"start":{"line":109,"column":7},"end":{"line":115,"column":1}}]},"23":{"type":"branch","line":112,"loc":{"start":{"line":112,"column":2},"end":{"line":115,"column":1}},"locations":[{"start":{"line":112,"column":2},"end":{"line":115,"column":1}}]},"24":{"type":"branch","line":117,"loc":{"start":{"line":117,"column":7},"end":{"line":122,"column":1}},"locations":[{"start":{"line":117,"column":7},"end":{"line":122,"column":1}}]},"25":{"type":"branch","line":124,"loc":{"start":{"line":124,"column":7},"end":{"line":126,"column":1}},"locations":[{"start":{"line":124,"column":7},"end":{"line":126,"column":1}}]},"26":{"type":"branch","line":128,"loc":{"start":{"line":128,"column":7},"end":{"line":130,"column":1}},"locations":[{"start":{"line":128,"column":7},"end":{"line":130,"column":1}}]},"27":{"type":"branch","line":132,"loc":{"start":{"line":132,"column":7},"end":{"line":134,"column":1}},"locations":[{"start":{"line":132,"column":7},"end":{"line":134,"column":1}}]},"28":{"type":"branch","line":136,"loc":{"start":{"line":136,"column":7},"end":{"line":142,"column":1}},"locations":[{"start":{"line":136,"column":7},"end":{"line":142,"column":1}}]},"29":{"type":"branch","line":137,"loc":{"start":{"line":137,"column":24},"end":{"line":139,"column":3}},"locations":[{"start":{"line":137,"column":24},"end":{"line":139,"column":3}}]},"30":{"type":"branch","line":144,"loc":{"start":{"line":144,"column":7},"end":{"line":149,"column":1}},"locations":[{"start":{"line":144,"column":7},"end":{"line":149,"column":1}}]},"31":{"type":"branch","line":151,"loc":{"start":{"line":151,"column":7},"end":{"line":153,"column":1}},"locations":[{"start":{"line":151,"column":7},"end":{"line":153,"column":1}}]},"32":{"type":"branch","line":155,"loc":{"start":{"line":155,"column":7},"end":{"line":167,"column":1}},"locations":[{"start":{"line":155,"column":7},"end":{"line":167,"column":1}}]},"33":{"type":"branch","line":158,"loc":{"start":{"line":158,"column":16},"end":{"line":160,"column":3}},"locations":[{"start":{"line":158,"column":16},"end":{"line":160,"column":3}}]},"34":{"type":"branch","line":166,"loc":{"start":{"line":166,"column":9},"end":{"line":166,"column":26}},"locations":[{"start":{"line":166,"column":9},"end":{"line":166,"column":26}}]},"35":{"type":"branch","line":166,"loc":{"start":{"line":166,"column":16},"end":{"line":166,"column":31}},"locations":[{"start":{"line":166,"column":16},"end":{"line":166,"column":31}}]},"36":{"type":"branch","line":163,"loc":{"start":{"line":163,"column":4},"end":{"line":163,"column":88}},"locations":[{"start":{"line":163,"column":4},"end":{"line":163,"column":88}}]},"37":{"type":"branch","line":169,"loc":{"start":{"line":169,"column":7},"end":{"line":171,"column":1}},"locations":[{"start":{"line":169,"column":7},"end":{"line":171,"column":1}}]},"38":{"type":"branch","line":170,"loc":{"start":{"line":170,"column":53},"end":{"line":170,"column":63}},"locations":[{"start":{"line":170,"column":53},"end":{"line":170,"column":63}}]},"39":{"type":"branch","line":170,"loc":{"start":{"line":170,"column":25},"end":{"line":170,"column":53}},"locations":[{"start":{"line":170,"column":25},"end":{"line":170,"column":53}}]},"40":{"type":"branch","line":173,"loc":{"start":{"line":173,"column":7},"end":{"line":175,"column":1}},"locations":[{"start":{"line":173,"column":7},"end":{"line":175,"column":1}}]},"41":{"type":"branch","line":174,"loc":{"start":{"line":174,"column":28},"end":{"line":174,"column":62}},"locations":[{"start":{"line":174,"column":28},"end":{"line":174,"column":62}}]},"42":{"type":"branch","line":177,"loc":{"start":{"line":177,"column":7},"end":{"line":180,"column":1}},"locations":[{"start":{"line":177,"column":7},"end":{"line":180,"column":1}}]},"43":{"type":"branch","line":178,"loc":{"start":{"line":178,"column":46},"end":{"line":178,"column":80}},"locations":[{"start":{"line":178,"column":46},"end":{"line":178,"column":80}}]},"44":{"type":"branch","line":182,"loc":{"start":{"line":182,"column":7},"end":{"line":184,"column":1}},"locations":[{"start":{"line":182,"column":7},"end":{"line":184,"column":1}}]},"45":{"type":"branch","line":183,"loc":{"start":{"line":183,"column":27},"end":{"line":183,"column":86}},"locations":[{"start":{"line":183,"column":27},"end":{"line":183,"column":86}}]},"46":{"type":"branch","line":183,"loc":{"start":{"line":183,"column":67},"end":{"line":183,"column":86}},"locations":[{"start":{"line":183,"column":67},"end":{"line":183,"column":86}}]},"47":{"type":"branch","line":186,"loc":{"start":{"line":186,"column":7},"end":{"line":190,"column":1}},"locations":[{"start":{"line":186,"column":7},"end":{"line":190,"column":1}}]},"48":{"type":"branch","line":187,"loc":{"start":{"line":187,"column":30},"end":{"line":187,"column":58}},"locations":[{"start":{"line":187,"column":30},"end":{"line":187,"column":58}}]},"49":{"type":"branch","line":188,"loc":{"start":{"line":188,"column":32},"end":{"line":188,"column":66}},"locations":[{"start":{"line":188,"column":32},"end":{"line":188,"column":66}}]}},"b":{"0":[99],"1":[45],"2":[0],"3":[42],"4":[3],"5":[1],"6":[52],"7":[0],"8":[40],"9":[183],"10":[19],"11":[0],"12":[21],"13":[0],"14":[0],"15":[19],"16":[0],"17":[0],"18":[0],"19":[47],"20":[0],"21":[40],"22":[2],"23":[0],"24":[23],"25":[3],"26":[8],"27":[5],"28":[2],"29":[0],"30":[14],"31":[7],"32":[8],"33":[0],"34":[7],"35":[1],"36":[7],"37":[7],"38":[0],"39":[7],"40":[7],"41":[4],"42":[5],"43":[5],"44":[1],"45":[1],"46":[0],"47":[1],"48":[1],"49":[1]},"fnMap":{"0":{"name":"canUseStorage","decl":{"start":{"line":10,"column":0},"end":{"line":12,"column":1}},"loc":{"start":{"line":10,"column":0},"end":{"line":12,"column":1}},"line":10},"1":{"name":"readJson","decl":{"start":{"line":14,"column":0},"end":{"line":25,"column":1}},"loc":{"start":{"line":14,"column":0},"end":{"line":25,"column":1}},"line":14},"2":{"name":"writeJson","decl":{"start":{"line":27,"column":0},"end":{"line":33,"column":1}},"loc":{"start":{"line":27,"column":0},"end":{"line":33,"column":1}},"line":27},"3":{"name":"isRecord","decl":{"start":{"line":35,"column":0},"end":{"line":37,"column":1}},"loc":{"start":{"line":35,"column":0},"end":{"line":37,"column":1}},"line":35},"4":{"name":"isString","decl":{"start":{"line":39,"column":0},"end":{"line":41,"column":1}},"loc":{"start":{"line":39,"column":0},"end":{"line":41,"column":1}},"line":39},"5":{"name":"compactDates","decl":{"start":{"line":43,"column":0},"end":{"line":49,"column":1}},"loc":{"start":{"line":43,"column":0},"end":{"line":49,"column":1}},"line":43},"6":{"name":"toStoredUser","decl":{"start":{"line":51,"column":0},"end":{"line":68,"column":1}},"loc":{"start":{"line":51,"column":0},"end":{"line":68,"column":1}},"line":51},"7":{"name":"toStoredHabit","decl":{"start":{"line":70,"column":0},"end":{"line":91,"column":1}},"loc":{"start":{"line":70,"column":0},"end":{"line":91,"column":1}},"line":70},"8":{"name":"compactItems","decl":{"start":{"line":93,"column":0},"end":{"line":107,"column":1}},"loc":{"start":{"line":93,"column":0},"end":{"line":107,"column":1}},"line":93},"9":{"name":"createId","decl":{"start":{"line":109,"column":7},"end":{"line":115,"column":1}},"loc":{"start":{"line":109,"column":7},"end":{"line":115,"column":1}},"line":109},"10":{"name":"getUsers","decl":{"start":{"line":117,"column":7},"end":{"line":122,"column":1}},"loc":{"start":{"line":117,"column":7},"end":{"line":122,"column":1}},"line":117},"11":{"name":"saveUsers","decl":{"start":{"line":124,"column":7},"end":{"line":126,"column":1}},"loc":{"start":{"line":124,"column":7},"end":{"line":126,"column":1}},"line":124},"12":{"name":"getSession","decl":{"start":{"line":128,"column":7},"end":{"line":130,"column":1}},"loc":{"start":{"line":128,"column":7},"end":{"line":130,"column":1}},"line":128},"13":{"name":"saveSession","decl":{"start":{"line":132,"column":7},"end":{"line":134,"column":1}},"loc":{"start":{"line":132,"column":7},"end":{"line":134,"column":1}},"line":132},"14":{"name":"clearSession","decl":{"start":{"line":136,"column":7},"end":{"line":142,"column":1}},"loc":{"start":{"line":136,"column":7},"end":{"line":142,"column":1}},"line":136},"15":{"name":"getHabits","decl":{"start":{"line":144,"column":7},"end":{"line":149,"column":1}},"loc":{"start":{"line":144,"column":7},"end":{"line":149,"column":1}},"line":144},"16":{"name":"saveHabits","decl":{"start":{"line":151,"column":7},"end":{"line":153,"column":1}},"loc":{"start":{"line":151,"column":7},"end":{"line":153,"column":1}},"line":151},"17":{"name":"getValidSession","decl":{"start":{"line":155,"column":7},"end":{"line":167,"column":1}},"loc":{"start":{"line":155,"column":7},"end":{"line":167,"column":1}},"line":155},"18":{"name":"getUserById","decl":{"start":{"line":169,"column":7},"end":{"line":171,"column":1}},"loc":{"start":{"line":169,"column":7},"end":{"line":171,"column":1}},"line":169},"19":{"name":"getHabitsForUser","decl":{"start":{"line":173,"column":7},"end":{"line":175,"column":1}},"loc":{"start":{"line":173,"column":7},"end":{"line":175,"column":1}},"line":173},"20":{"name":"saveHabitsForUser","decl":{"start":{"line":177,"column":7},"end":{"line":180,"column":1}},"loc":{"start":{"line":177,"column":7},"end":{"line":180,"column":1}},"line":177},"21":{"name":"updateUser","decl":{"start":{"line":182,"column":7},"end":{"line":184,"column":1}},"loc":{"start":{"line":182,"column":7},"end":{"line":184,"column":1}},"line":182},"22":{"name":"deleteUserAccount","decl":{"start":{"line":186,"column":7},"end":{"line":190,"column":1}},"loc":{"start":{"line":186,"column":7},"end":{"line":190,"column":1}},"line":186}},"f":{"0":99,"1":45,"2":52,"3":40,"4":183,"5":19,"6":21,"7":19,"8":47,"9":2,"10":23,"11":3,"12":8,"13":5,"14":2,"15":14,"16":7,"17":8,"18":7,"19":7,"20":5,"21":1,"22":1}}
,"C:\\Users\\HP\\Desktop\\Project\\My Work\\HNG14 Habit Tracker PWA\\src\\lib\\streaks.ts": {"path":"C:\\Users\\HP\\Desktop\\Project\\My Work\\HNG14 Habit Tracker PWA\\src\\lib\\streaks.ts","all":false,"statementMap":{"0":{"start":{"line":1,"column":0},"end":{"line":1,"column":43}},"1":{"start":{"line":2,"column":0},"end":{"line":2,"column":43}},"2":{"start":{"line":3,"column":0},"end":{"line":3,"column":1}},"4":{"start":{"line":5,"column":0},"end":{"line":5,"column":44}},"5":{"start":{"line":6,"column":0},"end":{"line":6,"column":41}},"6":{"start":{"line":7,"column":0},"end":{"line":7,"column":1}},"8":{"start":{"line":9,"column":0},"end":{"line":9,"column":87}},"9":{"start":{"line":10,"column":0},"end":{"line":10,"column":54}},"10":{"start":{"line":11,"column":0},"end":{"line":11,"column":74}},"11":{"start":{"line":12,"column":0},"end":{"line":12,"column":57}},"13":{"start":{"line":14,"column":0},"end":{"line":14,"column":37}},"14":{"start":{"line":15,"column":0},"end":{"line":15,"column":13}},"15":{"start":{"line":16,"column":0},"end":{"line":16,"column":3}},"17":{"start":{"line":18,"column":0},"end":{"line":18,"column":17}},"18":{"start":{"line":19,"column":0},"end":{"line":19,"column":40}},"20":{"start":{"line":21,"column":0},"end":{"line":21,"column":52}},"21":{"start":{"line":22,"column":0},"end":{"line":22,"column":16}},"22":{"start":{"line":23,"column":0},"end":{"line":23,"column":47}},"23":{"start":{"line":24,"column":0},"end":{"line":24,"column":3}},"25":{"start":{"line":26,"column":0},"end":{"line":26,"column":16}},"26":{"start":{"line":27,"column":0},"end":{"line":27,"column":1}}},"s":{"0":4,"1":4,"2":4,"4":11,"5":11,"6":11,"8":1,"9":15,"10":15,"11":15,"13":15,"14":11,"15":11,"17":4,"18":4,"20":6,"21":7,"22":7,"23":7,"25":4,"26":4},"branchMap":{"0":{"type":"branch","line":1,"loc":{"start":{"line":1,"column":0},"end":{"line":3,"column":1}},"locations":[{"start":{"line":1,"column":0},"end":{"line":3,"column":1}}]},"1":{"type":"branch","line":5,"loc":{"start":{"line":5,"column":0},"end":{"line":7,"column":1}},"locations":[{"start":{"line":5,"column":0},"end":{"line":7,"column":1}}]},"2":{"type":"branch","line":9,"loc":{"start":{"line":9,"column":7},"end":{"line":27,"column":1}},"locations":[{"start":{"line":9,"column":7},"end":{"line":27,"column":1}}]},"3":{"type":"branch","line":10,"loc":{"start":{"line":10,"column":19},"end":{"line":10,"column":54}},"locations":[{"start":{"line":10,"column":19},"end":{"line":10,"column":54}}]},"4":{"type":"branch","line":14,"loc":{"start":{"line":14,"column":36},"end":{"line":16,"column":3}},"locations":[{"start":{"line":14,"column":36},"end":{"line":16,"column":3}}]},"5":{"type":"branch","line":16,"loc":{"start":{"line":16,"column":2},"end":{"line":27,"column":1}},"locations":[{"start":{"line":16,"column":2},"end":{"line":27,"column":1}}]},"6":{"type":"branch","line":16,"loc":{"start":{"line":16,"column":2},"end":{"line":21,"column":51}},"locations":[{"start":{"line":16,"column":2},"end":{"line":21,"column":51}}]},"7":{"type":"branch","line":21,"loc":{"start":{"line":21,"column":51},"end":{"line":24,"column":3}},"locations":[{"start":{"line":21,"column":51},"end":{"line":24,"column":3}}]},"8":{"type":"branch","line":24,"loc":{"start":{"line":24,"column":2},"end":{"line":27,"column":1}},"locations":[{"start":{"line":24,"column":2},"end":{"line":27,"column":1}}]}},"b":{"0":[4],"1":[11],"2":[15],"3":[0],"4":[11],"5":[6],"6":[4],"7":[7],"8":[4]},"fnMap":{"0":{"name":"parseDateKey","decl":{"start":{"line":1,"column":0},"end":{"line":3,"column":1}},"loc":{"start":{"line":1,"column":0},"end":{"line":3,"column":1}},"line":1},"1":{"name":"formatDateKey","decl":{"start":{"line":5,"column":0},"end":{"line":7,"column":1}},"loc":{"start":{"line":5,"column":0},"end":{"line":7,"column":1}},"line":5},"2":{"name":"calculateCurrentStreak","decl":{"start":{"line":9,"column":7},"end":{"line":27,"column":1}},"loc":{"start":{"line":9,"column":7},"end":{"line":27,"column":1}},"line":9}},"f":{"0":4,"1":11,"2":15}}
,"C:\\Users\\HP\\Desktop\\Project\\My Work\\HNG14 Habit Tracker PWA\\src\\lib\\validators.ts": {"path":"C:\\Users\\HP\\Desktop\\Project\\My Work\\HNG14 Habit Tracker PWA\\src\\lib\\validators.ts","all":false,"statementMap":{"0":{"start":{"line":1,"column":0},"end":{"line":1,"column":50}},"4":{"start":{"line":5,"column":0},"end":{"line":5,"column":3}},"5":{"start":{"line":6,"column":0},"end":{"line":6,"column":28}},"7":{"start":{"line":8,"column":0},"end":{"line":8,"column":15}},"8":{"start":{"line":9,"column":0},"end":{"line":9,"column":12}},"9":{"start":{"line":10,"column":0},"end":{"line":10,"column":19}},"10":{"start":{"line":11,"column":0},"end":{"line":11,"column":12}},"11":{"start":{"line":12,"column":0},"end":{"line":12,"column":38}},"12":{"start":{"line":13,"column":0},"end":{"line":13,"column":6}},"13":{"start":{"line":14,"column":0},"end":{"line":14,"column":3}},"15":{"start":{"line":16,"column":0},"end":{"line":16,"column":26}},"16":{"start":{"line":17,"column":0},"end":{"line":17,"column":12}},"17":{"start":{"line":18,"column":0},"end":{"line":18,"column":19}},"18":{"start":{"line":19,"column":0},"end":{"line":19,"column":12}},"19":{"start":{"line":20,"column":0},"end":{"line":20,"column":57}},"20":{"start":{"line":21,"column":0},"end":{"line":21,"column":6}},"21":{"start":{"line":22,"column":0},"end":{"line":22,"column":3}},"23":{"start":{"line":24,"column":0},"end":{"line":24,"column":10}},"24":{"start":{"line":25,"column":0},"end":{"line":25,"column":16}},"25":{"start":{"line":26,"column":0},"end":{"line":26,"column":10}},"26":{"start":{"line":27,"column":0},"end":{"line":27,"column":16}},"27":{"start":{"line":28,"column":0},"end":{"line":28,"column":4}},"28":{"start":{"line":29,"column":0},"end":{"line":29,"column":1}}},"s":{"0":1,"4":6,"5":6,"7":6,"8":2,"9":2,"10":2,"11":2,"12":2,"13":2,"15":4,"16":1,"17":1,"18":1,"19":1,"20":1,"21":1,"23":3,"24":3,"25":3,"26":3,"27":3,"28":3},"branchMap":{"0":{"type":"branch","line":1,"loc":{"start":{"line":1,"column":7},"end":{"line":29,"column":1}},"locations":[{"start":{"line":1,"column":7},"end":{"line":29,"column":1}}]},"1":{"type":"branch","line":8,"loc":{"start":{"line":8,"column":14},"end":{"line":14,"column":3}},"locations":[{"start":{"line":8,"column":14},"end":{"line":14,"column":3}}]},"2":{"type":"branch","line":14,"loc":{"start":{"line":14,"column":2},"end":{"line":29,"column":1}},"locations":[{"start":{"line":14,"column":2},"end":{"line":29,"column":1}}]},"3":{"type":"branch","line":16,"loc":{"start":{"line":16,"column":25},"end":{"line":22,"column":3}},"locations":[{"start":{"line":16,"column":25},"end":{"line":22,"column":3}}]},"4":{"type":"branch","line":22,"loc":{"start":{"line":22,"column":2},"end":{"line":29,"column":1}},"locations":[{"start":{"line":22,"column":2},"end":{"line":29,"column":1}}]}},"b":{"0":[6],"1":[2],"2":[4],"3":[1],"4":[3]},"fnMap":{"0":{"name":"validateHabitName","decl":{"start":{"line":1,"column":7},"end":{"line":29,"column":1}},"loc":{"start":{"line":1,"column":7},"end":{"line":29,"column":1}},"line":1}},"f":{"0":6}}
}
